

SYSTEM_START	-	ENGPMAKNB022	ENGPMAKNB022	2023-12-22 17:16:59


SYSTEM_INFO	CarMaker 10.2.3 - Car_Generic #3	jetbrains@b979f2f8d573 2022-11-14 12:18:45	(10.2.3 jetbrains@b979f2f8d573 2022-11-14 12:14:38)
SIM	1703261819	ENGPMAKNB022			0	0	0
SIM	1703261822	ENGPMAKNB022	FSZYDELKO	Statischer_Test	0	30	0.0326677
SIM	1703261900	ENGPMAKNB022	FSZYDELKO	BeschleunigenGeradeaus	1	0	0.0326677
SIM	1703261911	ENGPMAKNB022	FSZYDELKO	BeschleunigenGeradeaus	0	65	3919.22
SIM	1703261979	ENGPMAKNB022	FSZYDELKO	BeschleunigenGeradeaus	0	65	3872.51
SIM	1703262282	ENGPMAKNB022	FSZYDELKO	BeschleunigenGeradeaus	0	65	3872.51
SIM	1703262527	ENGPMAKNB022	FSZYDELKO	BeschleunigenGeradeaus	0	65	3861.6
SIM	1703262631	ENGPMAKNB022	FSZYDELKO	ModelCheck	0	2.782	0
SIM	1703262753	ENGPMAKNB022	FSZYDELKO	ModelCheck	0	2.782	0
SIM	1703262935	ENGPMAKNB022	FSZYDELKO	Lenkwinkelrampe	0	28	776.612
SIM	1703262943	ENGPMAKNB022	FSZYDELKO	Lenkwinkelsprung	0	15	416.263
SIM	1703262949	ENGPMAKNB022	FSZYDELKO	Lenkwinkelsprung	0	15	416.265
SIM	1703262956	ENGPMAKNB022	FSZYDELKO	Lenkwinkelsprung	0	15	416.266
SIM	1703262963	ENGPMAKNB022	FSZYDELKO	Sinuswedeltest	0	35	971.838
SIM	1703262970	ENGPMAKNB022	FSZYDELKO	BeschleunigenGeradeaus	0	65	3919.22
SIM	1703262978	ENGPMAKNB022	FSZYDELKO	BremsenGeradeaus	0	5.178	82.4905
SIM	1703262984	ENGPMAKNB022	FSZYDELKO	BremsenGeradeaus	0	4.024	70.8764
SIM	1703262990	ENGPMAKNB022	FSZYDELKO	BremsenGeradeaus	0	3.909	68.8369
SIM	1703262996	ENGPMAKNB022	FSZYDELKO	Ausrollen	0	3.68	60.7513
SIM	1703263389	ENGPMAKNB022	FSZYDELKO	BremsenGeradeaus	1	0	60.7513
SIM	1703263398	ENGPMAKNB022	FSZYDELKO	BremsenGeradeaus	1	0	60.7513
SIM	1703263411	ENGPMAKNB022	FSZYDELKO	BremsenGeradeaus	0	4.024	70.8764


SYSTEM_START	-	ENGPMAKNB022	ENGPMAKNB022	2024-01-10 20:11:00


SYSTEM_INFO	CarMaker 10.2.3 - Car_Generic #3	jetbrains@b979f2f8d573 2022-11-14 12:18:45	(10.2.3 jetbrains@b979f2f8d573 2022-11-14 12:14:38)
SIM	1704913860	ENGPMAKNB022			0	0	0
SIM	1704913863	ENGPMAKNB022	FSZYDELKO	BeschleunigenGeradeaus	0	65	3919.08
SIM	1704914006	ENGPMAKNB022	FSZYDELKO	Ausrollen	1	0	3919.08
SIM	1704914014	ENGPMAKNB022	FSZYDELKO	Ausrollen	0	3.677	60.6852
SIM	1704914060	ENGPMAKNB022	FSZYDELKO	Ausrollen	0	3.677	60.6852
SIM	1704914104	ENGPMAKNB022	FSZYDELKO	Ausrollen	0	3.677	60.6852
SIM	1704914230	ENGPMAKNB022	FSZYDELKO	BremsenGeradeaus	1	0	60.6852
SIM	1704914242	ENGPMAKNB022	FSZYDELKO	BremsenGeradeaus	0	5.177	82.4608
SIM	1704914277	ENGPMAKNB022	FSZYDELKO	BremsenGeradeaus	0	5.177	82.4608
SIM	1704914321	ENGPMAKNB022	FSZYDELKO	Lenkwinkelrampe	0	28	776.613
SIM	1704914436	ENGPMAKNB022	FSZYDELKO	Ausrollen	1	0	776.613
SIM	1704914446	ENGPMAKNB022	FSZYDELKO	Ausrollen	0	3.677	60.6852
SIM	1704914540	ENGPMAKNB022	FSZYDELKO	Ausrollen	1	0	60.6852
SIM	1704914547	ENGPMAKNB022	FSZYDELKO	Ausrollen	0	3.677	60.6852
SIM	1704914598	ENGPMAKNB022	FSZYDELKO	Ausrollen	2	0	60.6852


SYSTEM_START	-	ENGPMAKNB022	ENGPMAKNB022	2024-01-10 20:26:06


SYSTEM_INFO	CarMaker 10.2.3 - Car_Generic #3	jetbrains@b979f2f8d573 2022-11-14 12:18:45	(10.2.3 jetbrains@b979f2f8d573 2022-11-14 12:14:38)
SIM	1704914766	ENGPMAKNB022			0	0	0
SIM	1704914768	ENGPMAKNB022	FSZYDELKO	Ausrollen	1	0	0
SIM	1704914777	ENGPMAKNB022	FSZYDELKO	Ausrollen	0	3.677	60.6852
SIM	1704914839	ENGPMAKNB022	FSZYDELKO	Ausrollen	0	50	792.418
SIM	1704914959	ENGPMAKNB022	FSZYDELKO	Statischer_Test	1	0	792.418
SIM	1704914969	ENGPMAKNB022	FSZYDELKO	Statischer_Test	0	30	0.0326914
SIM	1704915059	ENGPMAKNB022	FSZYDELKO	Ausrollen	0	50	672.806
SIM	1704915128	ENGPMAKNB022	FSZYDELKO	BremsenGeradeaus	0	3.908	68.8031
SIM	1704915180	ENGPMAKNB022	FSZYDELKO	BremsenGeradeaus	0	3.316	56.947
SIM	1704915201	ENGPMAKNB022	FSZYDELKO	BremsenGeradeaus	0	3.908	68.8031
SIM	1704915211	ENGPMAKNB022	FSZYDELKO	BremsenGeradeaus	0	3.316	56.947
SIM	1704915250	ENGPMAKNB022	FSZYDELKO	BremsenGeradeaus	0	3.316	56.947
SIM	1704915273	ENGPMAKNB022	FSZYDELKO	BremsenGeradeaus	0	3.908	68.8031
SIM	1704915293	ENGPMAKNB022	FSZYDELKO	BremsenGeradeaus	0	5.177	82.4608
SIM	1704915404	ENGPMAKNB022	FSZYDELKO	BremsenGeradeaus	0	4.306	63.5552
SIM	1704915479	ENGPMAKNB022	FSZYDELKO	BremsenGeradeaus	0	4.306	63.5552
SIM	1704915522	ENGPMAKNB022	FSZYDELKO	Ausrollen	1	0	63.5552
SIM	1704915529	ENGPMAKNB022	FSZYDELKO	Ausrollen	0	3.677	60.6852
SIM	1704915568	ENGPMAKNB022	FSZYDELKO	Ausrollen	0	3.677	60.6852
SIM	1704915622	ENGPMAKNB022	FSZYDELKO	Ausrollen	0	50	1084.94
SIM	1704915641	ENGPMAKNB022	FSZYDELKO	Ausrollen	0	50	1087.55
SIM	1704915732	ENGPMAKNB022	FSZYDELKO	Ausrollen	0	0	0
SIM	1704915781	ENGPMAKNB022	FSZYDELKO	Ausrollen	0	41.809	944.711
SIM	1704915821	ENGPMAKNB022	FSZYDELKO	Ausrollen	0	0	0
SIM	1704915854	ENGPMAKNB022	FSZYDELKO	Ausrollen	0	50	1087.55
SIM	1704915904	ENGPMAKNB022	FSZYDELKO	Ausrollen	0	50	1087.55
SIM	1704915961	ENGPMAKNB022	FSZYDELKO	Ausrollen	0	50	1087.55
SIM	1704916131	ENGPMAKNB022	FSZYDELKO	Ausrollen	0	50	944.834
SIM	1704916147	ENGPMAKNB022	FSZYDELKO	Ausrollen	0	50	945.708
SIM	1704916171	ENGPMAKNB022	FSZYDELKO	Ausrollen	0	50	1087.55
SIM	1704916199	ENGPMAKNB022	FSZYDELKO	Ausrollen	0	50	1088.38
SIM	1704916248	ENGPMAKNB022	FSZYDELKO	Ausrollen	0	50	1088.38
SIM	1704916271	ENGPMAKNB022	FSZYDELKO	Ausrollen	0	50	1088.38
SIM	1704916303	ENGPMAKNB022	FSZYDELKO	Ausrollen	0	50	1088.38
SIM	1704916315	ENGPMAKNB022	FSZYDELKO	Ausrollen	0	50	1088.38
SIM	1704916351	ENGPMAKNB022	FSZYDELKO	BremsenGeradeaus	0	4.676	96.3366
SIM	1704916398	ENGPMAKNB022	FSZYDELKO	BremsenGeradeaus	0	5.466	107.212
SIM	1704916410	ENGPMAKNB022	FSZYDELKO	BremsenGeradeaus	0	5.859	112.606
SIM	1704916429	ENGPMAKNB022	FSZYDELKO	BremsenGeradeaus	0	6.361	119.498
SIM	1704916445	ENGPMAKNB022	FSZYDELKO	BremsenGeradeaus	0	8.989	155.429
SIM	1704916463	ENGPMAKNB022	FSZYDELKO	BremsenGeradeaus	0	7.84	139.745
SIM	1704916479	ENGPMAKNB022	FSZYDELKO	BremsenGeradeaus	0	7.539	135.636
SIM	1704916493	ENGPMAKNB022	FSZYDELKO	BremsenGeradeaus	0	5.466	107.212
SIM	1704916508	ENGPMAKNB022	FSZYDELKO	BremsenGeradeaus	0	5.859	112.606
SIM	1704916522	ENGPMAKNB022	FSZYDELKO	BremsenGeradeaus	0	6.093	115.828
SIM	1704916585	ENGPMAKNB022	FSZYDELKO	Lenkwinkelrampe	0	28	776.613
SIM	1704916592	ENGPMAKNB022	FSZYDELKO	Lenkwinkelsprung	0	15	416.263
SIM	1704916598	ENGPMAKNB022	FSZYDELKO	Lenkwinkelsprung	0	15	416.265
SIM	1704916604	ENGPMAKNB022	FSZYDELKO	Lenkwinkelsprung	0	15	416.266
SIM	1704916610	ENGPMAKNB022	FSZYDELKO	Sinuswedeltest	0	35	971.844
SIM	1704916616	ENGPMAKNB022	FSZYDELKO	BeschleunigenGeradeaus	0	65	3934.36
SIM	1704916624	ENGPMAKNB022	FSZYDELKO	BremsenGeradeaus	0	8.557	149.534
SIM	1704916630	ENGPMAKNB022	FSZYDELKO	BremsenGeradeaus	0	6.093	115.828
SIM	1704916635	ENGPMAKNB022	FSZYDELKO	BremsenGeradeaus	0	4.546	93.4097
SIM	1704916640	ENGPMAKNB022	FSZYDELKO	Ausrollen	0	50	1088.38
SIM	1704917100	ENGPMAKNB022	FSZYDELKO	Lenkwinkelrampe	0	28	776.613
SIM	1704917337	ENGPMAKNB022	FSZYDELKO	Lenkwinkelrampe	0	28	776.613
SIM	1704917345	ENGPMAKNB022	FSZYDELKO	Lenkwinkelsprung	0	15	416.263
SIM	1704917351	ENGPMAKNB022	FSZYDELKO	Lenkwinkelsprung	0	15	416.265
SIM	1704917357	ENGPMAKNB022	FSZYDELKO	Lenkwinkelsprung	0	15	416.266
SIM	1704917363	ENGPMAKNB022	FSZYDELKO	Sinuswedeltest	0	35	971.844
SIM	1704917369	ENGPMAKNB022	FSZYDELKO	BeschleunigenGeradeaus	0	65	3934.36
SIM	1704917378	ENGPMAKNB022	FSZYDELKO	BremsenGeradeaus	0	8.557	149.534
SIM	1704917383	ENGPMAKNB022	FSZYDELKO	BremsenGeradeaus	0	6.093	115.828
SIM	1704917388	ENGPMAKNB022	FSZYDELKO	BremsenGeradeaus	0	4.546	93.4097
SIM	1704917394	ENGPMAKNB022	FSZYDELKO	Ausrollen	0	50	1088.38
SIM	1704917677	ENGPMAKNB022	FSZYDELKO	ModelCheck	0	2.719	0
SIM	1704918666	ENGPMAKNB022	FSZYDELKO	BeschleunigenGeradeaus	1	0	0
SIM	1704918677	ENGPMAKNB022	FSZYDELKO	BeschleunigenGeradeaus	0	65	3891.71
SIM	1704918714	ENGPMAKNB022	FSZYDELKO	ModelCheck	0	2.719	0
SIM	1704918839	ENGPMAKNB022	FSZYDELKO	Lenkwinkelrampe	0	28	776.569
SIM	1704918847	ENGPMAKNB022	FSZYDELKO	Lenkwinkelsprung	0	15	416.263
SIM	1704918854	ENGPMAKNB022	FSZYDELKO	Lenkwinkelsprung	0	15	416.265
SIM	1704918860	ENGPMAKNB022	FSZYDELKO	Lenkwinkelsprung	0	15	416.267
SIM	1704918867	ENGPMAKNB022	FSZYDELKO	Sinuswedeltest	0	35	971.849
SIM	1704918874	ENGPMAKNB022	FSZYDELKO	BeschleunigenGeradeaus	0	65	3891.71
SIM	1704918882	ENGPMAKNB022	FSZYDELKO	BremsenGeradeaus	0	8.902	154.428
SIM	1704918888	ENGPMAKNB022	FSZYDELKO	BremsenGeradeaus	0	6.305	118.849
SIM	1704918894	ENGPMAKNB022	FSZYDELKO	BremsenGeradeaus	0	4.305	91.3433
SIM	1704918900	ENGPMAKNB022	FSZYDELKO	Ausrollen	0	50	1098.21
SIM	1704919180	ENGPMAKNB022	FSZYDELKO	BeschleunigenGeradeaus	1	0	1098.21
SIM	1704919189	ENGPMAKNB022	FSZYDELKO	BeschleunigenGeradeaus	0	65	3891.71


SYSTEM_START	-	ENGPMAKNB022	ENGPMAKNB022	2024-01-10 21:43:45


SYSTEM_INFO	CarMaker 11.1.2 - Car_Generic #3	jetbrains@33d90850c07e 2023-05-03 14:07:27	(11.1.2 jetbrains@33d90850c07e 2023-05-03 14:01:53)
SIM	1704919425	ENGPMAKNB022			0	0	0
SIM	1704919429	ENGPMAKNB022	FSZYDELKO	BeschleunigenGeradeaus	0	65	3891.71
SIM	1704919458	ENGPMAKNB022	FSZYDELKO	BeschleunigenGeradeaus	0	65	3934.36


SYSTEM_START	-	ENGPMAKNB022	ENGPMAKNB022	2024-01-10 21:46:19


SYSTEM_INFO	CarMaker 12.0.2 - Car_Generic #3	jetbrains@cab15877746a 2023-12-12 14:22:11	(12.0.2 jetbrains@cab15877746a 2023-12-12 14:13:03)
SIM	1704919579	ENGPMAKNB022			0	0	0
SIM	1704919583	ENGPMAKNB022	FSZYDELKO	BeschleunigenGeradeaus	1	0	0
SIM	1704919681	ENGPMAKNB022	FSZYDELKO	BeschleunigenGeradeaus	1	0	0
SIM	1704919728	ENGPMAKNB022	FSZYDELKO	BeschleunigenGeradeaus	0	65	3942.41
SIM	1704919770	ENGPMAKNB022	FSZYDELKO	BeschleunigenGeradeaus	0	65	3899.17


SYSTEM_START	-	ENGPMAKNB022	ENGPMAKNB022	2024-03-15 09:25:40


SYSTEM_INFO	CarMaker 12.0.2 - Car_Generic #3	jetbrains@cab15877746a 2023-12-12 14:22:11	(12.0.2 jetbrains@cab15877746a 2023-12-12 14:13:03)
SIM	1710491141	ENGPMAKNB022			0	0	0


SYSTEM_START	-	ENGPMAKNB022	ENGPMAKNB022	2024-03-15 09:36:56


SYSTEM_INFO	CarMaker 12.0.2 - Car_Generic #3	jetbrains@cab15877746a 2023-12-12 14:22:11	(12.0.2 jetbrains@cab15877746a 2023-12-12 14:13:03)
SIM	1710491816	ENGPMAKNB022			0	0	0
SIM	1710492566	ENGPMAKNB022	FSZYDELKO	unknown	0	9.269	86.7447
SIM	1710492805	ENGPMAKNB022	FSZYDELKO	unknown	0	23.485	331.257
SIM	1710492865	ENGPMAKNB022	FSZYDELKO	unknown	0	38.324	331.398
SIM	1710493373	ENGPMAKNB022	FSZYDELKO	unknown	0	44.437	331.56
SIM	1710495611	ENGPMAKNB022	FSZYDELKO	unknown	0	36.83	277.289
SIM	1710495800	ENGPMAKNB022	FSZYDELKO	unknown	0	25.123	56.9939


SYSTEM_START	-	ENGPMAKNB022	ENGPMAKNB022	2024-04-16 14:05:16


SYSTEM_INFO	CarMaker 12.0.2 - Car_Generic #3	jetbrains@cab15877746a 2023-12-12 14:22:11	(12.0.2 jetbrains@cab15877746a 2023-12-12 14:13:03)
SIM	1713269116	ENGPMAKNB022			0	0	0
SIM	1713269117	ENGPMAKNB022	KSREERANG	Lenkwinkelrampe	1	0	0
SIM	1713269139	ENGPMAKNB022	KSREERANG	Lenkwinkelrampe	0	28	776.569
SIM	1713269147	ENGPMAKNB022	KSREERANG	Lenkwinkelrampe	0	28	776.569
SIM	1713269167	ENGPMAKNB022	KSREERANG	Lenkwinkelrampe	0	28	776.569
SIM	1713269172	ENGPMAKNB022	KSREERANG	Lenkwinkelsprung	0	15	416.263
SIM	1713269175	ENGPMAKNB022	KSREERANG	Lenkwinkelsprung	0	15	416.264
SIM	1713269178	ENGPMAKNB022	KSREERANG	Lenkwinkelsprung	0	15	416.266
SIM	1713269181	ENGPMAKNB022	KSREERANG	Sinuswedeltest	0	35	971.85
SIM	1713269185	ENGPMAKNB022	KSREERANG	BeschleunigenGeradeaus	0	65	3899.17
SIM	1713269190	ENGPMAKNB022	KSREERANG	BremsenGeradeaus	0	8.902	154.435
SIM	1713269192	ENGPMAKNB022	KSREERANG	BremsenGeradeaus	0	6.305	118.851
SIM	1713269194	ENGPMAKNB022	KSREERANG	BremsenGeradeaus	0	4.364	91.5736
SIM	1713269197	ENGPMAKNB022	KSREERANG	Ausrollen	0	50	1098.7
